v1.0.0
16/12/2024

- Desenvolvimento do site

----------------------------------------------------------------------------------------------------------------------------------------------

v1.0.1
18/12/2024

- Ajuste para aceitar texto longo no campo descricao do evento 

----------------------------------------------------------------------------------------------------------------------------------------------

v1.0.2
18/12/2024

- Ajuste para fazer upload de fotos de forma assincrona, para enviar uma por uma 
pois o servidor não estava aceitando fazer de uma vez só

----------------------------------------------------------------------------------------------------------------------------------------------

v1.1.0
05/08/2025

- Poder enviar videos junto com fotos e adicionado um video, slide (pdf) e imagem ATA 

----------------------------------------------------------------------------------------------------------------------------------------------

v1.1.1
08/08/2025

- Ajuste para enviar o video na pagina historia, agora o video é enviado em partes, pois é muito grande (5gb)

----------------------------------------------------------------------------------------------------------------------------------------------

v1.1.2
19/08/2025

- Ajuste ao mostrar pdf em celulares e mudado a ATA para PDF